<?xml version="1.0" encoding="UTF-8"?>
<!-- Generated by org.testng.reporters.JUnitXMLReporter -->
<testsuite hostname="BLRRIDGWD22231" ignored="0" name="Free CRM App Test Cases" tests="3" failures="1" timestamp="16 Apr 2018 09:55:38 GMT" time="87.264" errors="0">
  <testcase name="loginPageTitleTest" time="0.022" classname="com.crm.qa.testcases.LoginPageTest">
    <failure type="java.lang.AssertionError" message="expected [#1 Free CRM for Any Business: Online Customer Relationship Software] but found [Free CRM software in the cloud powers sales and customer service]">
      <![CDATA[java.lang.AssertionError: expected [#1 Free CRM for Any Business: Online Customer Relationship Software] but found [Free CRM software in the cloud powers sales and customer service]
	at com.crm.qa.testcases.LoginPageTest.loginPageTitleTest(LoginPageTest.java:29)
... Removed 31 stack frames]]>
    </failure>
  </testcase> <!-- loginPageTitleTest -->
  <testcase name="crmLogoImageTest" time="0.049" classname="com.crm.qa.testcases.LoginPageTest"/>
  <testcase name="loginTest" time="7.349" classname="com.crm.qa.testcases.LoginPageTest"/>
</testsuite> <!-- Free CRM App Test Cases -->
